# JRE version: Java(TM) SE Runtime Environment (8.0_20-b26) (build 1.8.0_20-b26)
# Java VM: Java HotSpot(TM) 64-Bit Server VM (25.20-b23 mixed mode bsd-amd64 compressed oops)
Heap:
 PSYoungGen      total 148480K, used 10334K [0x0000000795580000, 0x00000007a5600000, 0x00000007c0000000)
  eden space 138752K, 0% used [0x0000000795580000,0x0000000795625460,0x000000079dd00000)
  from space 9728K, 99% used [0x00000007a3c80000,0x00000007a45f2588,0x00000007a4600000)
  to   space 14848K, 0% used [0x00000007a4780000,0x00000007a4780000,0x00000007a5600000)
 ParOldGen       total 87552K, used 40810K [0x0000000740000000, 0x0000000745580000, 0x0000000795580000)
  object space 87552K, 46% used [0x0000000740000000,0x00000007427dab38,0x0000000745580000)
 Metaspace       used 18019K, capacity 19924K, committed 20096K, reserved 1067008K
  class space    used 2267K, capacity 2844K, committed 2944K, reserved 1048576K
GC Heap History (10 events):
Event: 1631.509 GC heap before
{Heap before GC invocations=13 (full 0):
 PSYoungGen      total 179200K, used 170745K [0x0000000795580000, 0x00000007a1400000, 0x00000007c0000000)
  eden space 163328K, 100% used [0x0000000795580000,0x000000079f500000,0x000000079f500000)
  from space 15872K, 46% used [0x00000007a0480000,0x00000007a0bbe710,0x00000007a1400000)
  to   space 15872K, 0% used [0x000000079f500000,0x000000079f500000,0x00000007a0480000)
 ParOldGen       total 87552K, used 28291K [0x0000000740000000, 0x0000000745580000, 0x0000000795580000)
  object space 87552K, 32% used [0x0000000740000000,0x0000000741ba0d20,0x0000000745580000)
 Metaspace       used 16529K, capacity 17656K, committed 17792K, reserved 1064960K
  class space    used 2047K, capacity 2406K, committed 2432K, reserved 1048576K
Event: 1631.520 GC heap after
Heap after GC invocations=13 (full 0):
 PSYoungGen      total 179200K, used 8301K [0x0000000795580000, 0x00000007a7300000, 0x00000007c0000000)
  eden space 163328K, 0% used [0x0000000795580000,0x0000000795580000,0x000000079f500000)
  from space 15872K, 52% used [0x000000079f500000,0x000000079fd1b438,0x00000007a0480000)
  to   space 15360K, 0% used [0x00000007a6400000,0x00000007a6400000,0x00000007a7300000)
 ParOldGen       total 87552K, used 29230K [0x0000000740000000, 0x0000000745580000, 0x0000000795580000)
  object space 87552K, 33% used [0x0000000740000000,0x0000000741c8ba48,0x0000000745580000)
 Metaspace       used 16529K, capacity 17656K, committed 17792K, reserved 1064960K
  class space    used 2047K, capacity 2406K, committed 2432K, reserved 1048576K
}
Event: 1803.235 GC heap before
{Heap before GC invocations=14 (full 0):
 PSYoungGen      total 179200K, used 171629K [0x0000000795580000, 0x00000007a7300000, 0x00000007c0000000)
  eden space 163328K, 100% used [0x0000000795580000,0x000000079f500000,0x000000079f500000)
  from space 15872K, 52% used [0x000000079f500000,0x000000079fd1b438,0x00000007a0480000)
  to   space 15360K, 0% used [0x00000007a6400000,0x00000007a6400000,0x00000007a7300000)
 ParOldGen       total 87552K, used 29230K [0x0000000740000000, 0x0000000745580000, 0x0000000795580000)
  object space 87552K, 33% used [0x0000000740000000,0x0000000741c8ba48,0x0000000745580000)
 Metaspace       used 16798K, capacity 18152K, committed 18432K, reserved 1064960K
  class space    used 2081K, capacity 2486K, committed 2560K, reserved 1048576K
Event: 1803.239 GC heap after
Heap after GC invocations=14 (full 0):
 PSYoungGen      total 160768K, used 3725K [0x0000000795580000, 0x00000007a6800000, 0x00000007c0000000)
  eden space 156672K, 0% used [0x0000000795580000,0x0000000795580000,0x000000079ee80000)
  from space 4096K, 90% used [0x00000007a6400000,0x00000007a67a34a0,0x00000007a6800000)
  to   space 15872K, 0% used [0x00000007a4900000,0x00000007a4900000,0x00000007a5880000)
 ParOldGen       total 87552K, used 31069K [0x0000000740000000, 0x0000000745580000, 0x0000000795580000)
  object space 87552K, 35% used [0x0000000740000000,0x0000000741e57498,0x0000000745580000)
 Metaspace       used 16798K, capacity 18152K, committed 18432K, reserved 1064960K
  class space    used 2081K, capacity 2486K, committed 2560K, reserved 1048576K
}
Event: 2116.046 GC heap before
{Heap before GC invocations=15 (full 0):
 PSYoungGen      total 160768K, used 160397K [0x0000000795580000, 0x00000007a6800000, 0x00000007c0000000)
  eden space 156672K, 100% used [0x0000000795580000,0x000000079ee80000,0x000000079ee80000)
  from space 4096K, 90% used [0x00000007a6400000,0x00000007a67a34a0,0x00000007a6800000)
  to   space 15872K, 0% used [0x00000007a4900000,0x00000007a4900000,0x00000007a5880000)
 ParOldGen       total 87552K, used 31069K [0x0000000740000000, 0x0000000745580000, 0x0000000795580000)
  object space 87552K, 35% used [0x0000000740000000,0x0000000741e57498,0x0000000745580000)
 Metaspace       used 17152K, capacity 18646K, committed 18816K, reserved 1064960K
  class space    used 2129K, capacity 2609K, committed 2688K, reserved 1048576K
Event: 2116.056 GC heap after
Heap after GC invocations=15 (full 0):
 PSYoungGen      total 159744K, used 8865K [0x0000000795580000, 0x00000007a6480000, 0x00000007c0000000)
  eden space 150528K, 0% used [0x0000000795580000,0x0000000795580000,0x000000079e880000)
  from space 9216K, 96% used [0x00000007a4900000,0x00000007a51a8748,0x00000007a5200000)
  to   space 15360K, 0% used [0x00000007a5580000,0x00000007a5580000,0x00000007a6480000)
 ParOldGen       total 87552K, used 33035K [0x0000000740000000, 0x0000000745580000, 0x0000000795580000)
  object space 87552K, 37% used [0x0000000740000000,0x0000000742042ee8,0x0000000745580000)
 Metaspace       used 17152K, capacity 18646K, committed 18816K, reserved 1064960K
  class space    used 2129K, capacity 2609K, committed 2688K, reserved 1048576K
}
Event: 2413.621 GC heap before
{Heap before GC invocations=16 (full 0):
 PSYoungGen      total 159744K, used 159393K [0x0000000795580000, 0x00000007a6480000, 0x00000007c0000000)
  eden space 150528K, 100% used [0x0000000795580000,0x000000079e880000,0x000000079e880000)
  from space 9216K, 96% used [0x00000007a4900000,0x00000007a51a8748,0x00000007a5200000)
  to   space 15360K, 0% used [0x00000007a5580000,0x00000007a5580000,0x00000007a6480000)
 ParOldGen       total 87552K, used 33035K [0x0000000740000000, 0x0000000745580000, 0x0000000795580000)
  object space 87552K, 37% used [0x0000000740000000,0x0000000742042ee8,0x0000000745580000)
 Metaspace       used 17659K, capacity 19440K, committed 19712K, reserved 1067008K
  class space    used 2214K, capacity 2764K, committed 2816K, reserved 1048576K
Event: 2413.626 GC heap after
Heap after GC invocations=16 (full 0):
 PSYoungGen      total 149504K, used 4672K [0x0000000795580000, 0x00000007a5a80000, 0x00000007c0000000)
  eden space 144384K, 0% used [0x0000000795580000,0x0000000795580000,0x000000079e280000)
  from space 5120K, 91% used [0x00000007a5580000,0x00000007a5a101c8,0x00000007a5a80000)
  to   space 15360K, 0% used [0x00000007a3c80000,0x00000007a3c80000,0x00000007a4b80000)
 ParOldGen       total 87552K, used 37061K [0x0000000740000000, 0x0000000745580000, 0x0000000795580000)
  object space 87552K, 42% used [0x0000000740000000,0x0000000742431698,0x0000000745580000)
 Metaspace       used 17659K, capacity 19440K, committed 19712K, reserved 1067008K
  class space    used 2214K, capacity 2764K, committed 2816K, reserved 1048576K
}
Event: 24509.356 GC heap before
{Heap before GC invocations=17 (full 0):
 PSYoungGen      total 149504K, used 149056K [0x0000000795580000, 0x00000007a5a80000, 0x00000007c0000000)
  eden space 144384K, 100% used [0x0000000795580000,0x000000079e280000,0x000000079e280000)
  from space 5120K, 91% used [0x00000007a5580000,0x00000007a5a101c8,0x00000007a5a80000)
  to   space 15360K, 0% used [0x00000007a3c80000,0x00000007a3c80000,0x00000007a4b80000)
 ParOldGen       total 87552K, used 37061K [0x0000000740000000, 0x0000000745580000, 0x0000000795580000)
  object space 87552K, 42% used [0x0000000740000000,0x0000000742431698,0x0000000745580000)
 Metaspace       used 18019K, capacity 19924K, committed 20096K, reserved 1067008K
  class space    used 2267K, capacity 2844K, committed 2944K, reserved 1048576K
Event: 24509.409 GC heap after
Heap after GC invocations=17 (full 0):
 PSYoungGen      total 148480K, used 9673K [0x0000000795580000, 0x00000007a5600000, 0x00000007c0000000)
  eden space 138752K, 0% used [0x0000000795580000,0x0000000795580000,0x000000079dd00000)
  from space 9728K, 99% used [0x00000007a3c80000,0x00000007a45f2588,0x00000007a4600000)
  to   space 14848K, 0% used [0x00000007a4780000,0x00000007a4780000,0x00000007a5600000)
 ParOldGen       total 87552K, used 40810K [0x0000000740000000, 0x0000000745580000, 0x0000000795580000)
  object space 87552K, 46% used [0x0000000740000000,0x00000007427dab38,0x0000000745580000)
 Metaspace       used 18019K, capacity 19924K, committed 20096K, reserved 1067008K
  class space    used 2267K, capacity 2844K, committed 2944K, reserved 1048576K
}

